{"/root/.openclaw/workspace/skillshub/frontend/src/api/auth.ts": {"path":"/root/.openclaw/workspace/skillshub/frontend/src/api/auth.ts","statementMap":{"0":{"start":{"line":31,"column":24},"end":{"line":34,"column":null}},"1":{"start":{"line":32,"column":19},"end":{"line":32,"column":null}},"2":{"start":{"line":33,"column":2},"end":{"line":33,"column":null}},"3":{"start":{"line":37,"column":21},"end":{"line":40,"column":null}},"4":{"start":{"line":38,"column":19},"end":{"line":38,"column":null}},"5":{"start":{"line":39,"column":2},"end":{"line":39,"column":null}},"6":{"start":{"line":43,"column":22},"end":{"line":46,"column":null}},"7":{"start":{"line":44,"column":2},"end":{"line":44,"column":null}},"8":{"start":{"line":45,"column":2},"end":{"line":45,"column":null}},"9":{"start":{"line":49,"column":31},"end":{"line":52,"column":null}},"10":{"start":{"line":50,"column":16},"end":{"line":50,"column":null}},"11":{"start":{"line":51,"column":2},"end":{"line":51,"column":null}},"12":{"start":{"line":55,"column":30},"end":{"line":58,"column":null}},"13":{"start":{"line":56,"column":18},"end":{"line":56,"column":null}},"14":{"start":{"line":57,"column":2},"end":{"line":57,"column":null}}},"fnMap":{"0":{"name":"(anonymous_0)","decl":{"start":{"line":31,"column":24},"end":{"line":31,"column":31}},"loc":{"start":{"line":31,"column":80},"end":{"line":34,"column":null}},"line":31},"1":{"name":"(anonymous_1)","decl":{"start":{"line":37,"column":21},"end":{"line":37,"column":28}},"loc":{"start":{"line":37,"column":75},"end":{"line":40,"column":null}},"line":37},"2":{"name":"(anonymous_2)","decl":{"start":{"line":43,"column":22},"end":{"line":43,"column":34}},"loc":{"start":{"line":43,"column":34},"end":{"line":46,"column":null}},"line":43},"3":{"name":"(anonymous_3)","decl":{"start":{"line":49,"column":31},"end":{"line":49,"column":46}},"loc":{"start":{"line":49,"column":46},"end":{"line":52,"column":null}},"line":49},"4":{"name":"(anonymous_4)","decl":{"start":{"line":55,"column":30},"end":{"line":55,"column":55}},"loc":{"start":{"line":55,"column":55},"end":{"line":58,"column":null}},"line":55}},"branchMap":{"0":{"loc":{"start":{"line":57,"column":9},"end":{"line":57,"column":null}},"type":"cond-expr","locations":[{"start":{"line":57,"column":19},"end":{"line":57,"column":41}},{"start":{"line":57,"column":41},"end":{"line":57,"column":null}}],"line":57}},"s":{"0":1,"1":3,"2":2,"3":1,"4":3,"5":2,"6":1,"7":1,"8":1,"9":1,"10":3,"11":3,"12":1,"13":0,"14":0},"f":{"0":3,"1":3,"2":1,"3":3,"4":0},"b":{"0":[0,0]},"meta":{"lastBranch":1,"lastFunction":5,"lastStatement":15,"seen":{"s:31:24:34:Infinity":0,"f:31:24:31:31":0,"s:32:19:32:Infinity":1,"s:33:2:33:Infinity":2,"s:37:21:40:Infinity":3,"f:37:21:37:28":1,"s:38:19:38:Infinity":4,"s:39:2:39:Infinity":5,"s:43:22:46:Infinity":6,"f:43:22:43:34":2,"s:44:2:44:Infinity":7,"s:45:2:45:Infinity":8,"s:49:31:52:Infinity":9,"f:49:31:49:46":3,"s:50:16:50:Infinity":10,"s:51:2:51:Infinity":11,"s:55:30:58:Infinity":12,"f:55:30:55:55":4,"s:56:18:56:Infinity":13,"s:57:2:57:Infinity":14,"b:57:19:57:41:57:41:57:Infinity":0}}}
,"/root/.openclaw/workspace/skillshub/frontend/src/components/Badge.tsx": {"path":"/root/.openclaw/workspace/skillshub/frontend/src/components/Badge.tsx","statementMap":{"0":{"start":{"line":19,"column":54},"end":{"line":26,"column":null}},"1":{"start":{"line":28,"column":48},"end":{"line":31,"column":null}},"2":{"start":{"line":33,"column":2},"end":{"line":38,"column":null}}},"fnMap":{"0":{"name":"Badge","decl":{"start":{"line":13,"column":24},"end":{"line":13,"column":30}},"loc":{"start":{"line":18,"column":15},"end":{"line":40,"column":null}},"line":18}},"branchMap":{"0":{"loc":{"start":{"line":15,"column":2},"end":{"line":15,"column":null}},"type":"default-arg","locations":[{"start":{"line":15,"column":12},"end":{"line":15,"column":null}}],"line":15},"1":{"loc":{"start":{"line":16,"column":2},"end":{"line":16,"column":null}},"type":"default-arg","locations":[{"start":{"line":16,"column":9},"end":{"line":16,"column":null}}],"line":16},"2":{"loc":{"start":{"line":17,"column":2},"end":{"line":17,"column":null}},"type":"default-arg","locations":[{"start":{"line":17,"column":14},"end":{"line":17,"column":null}}],"line":17}},"s":{"0":7,"1":7,"2":7},"f":{"0":7},"b":{"0":[7],"1":[7],"2":[7]},"meta":{"lastBranch":3,"lastFunction":1,"lastStatement":3,"seen":{"f:13:24:13:30":0,"b:15:12:15:Infinity":0,"b:16:9:16:Infinity":1,"b:17:14:17:Infinity":2,"s:19:54:26:Infinity":0,"s:28:48:31:Infinity":1,"s:33:2:38:Infinity":2}}}
,"/root/.openclaw/workspace/skillshub/frontend/src/components/Button.tsx": {"path":"/root/.openclaw/workspace/skillshub/frontend/src/components/Button.tsx","statementMap":{"0":{"start":{"line":24,"column":21},"end":{"line":24,"column":null}},"1":{"start":{"line":26,"column":55},"end":{"line":31,"column":null}},"2":{"start":{"line":33,"column":49},"end":{"line":37,"column":null}},"3":{"start":{"line":39,"column":2},"end":{"line":56,"column":null}}},"fnMap":{"0":{"name":"Button","decl":{"start":{"line":14,"column":24},"end":{"line":14,"column":31}},"loc":{"start":{"line":23,"column":16},"end":{"line":58,"column":null}},"line":23}},"branchMap":{"0":{"loc":{"start":{"line":15,"column":2},"end":{"line":15,"column":null}},"type":"default-arg","locations":[{"start":{"line":15,"column":12},"end":{"line":15,"column":null}}],"line":15},"1":{"loc":{"start":{"line":16,"column":2},"end":{"line":16,"column":null}},"type":"default-arg","locations":[{"start":{"line":16,"column":9},"end":{"line":16,"column":null}}],"line":16},"2":{"loc":{"start":{"line":17,"column":2},"end":{"line":17,"column":null}},"type":"default-arg","locations":[{"start":{"line":17,"column":14},"end":{"line":17,"column":null}}],"line":17},"3":{"loc":{"start":{"line":18,"column":2},"end":{"line":18,"column":null}},"type":"default-arg","locations":[{"start":{"line":18,"column":12},"end":{"line":18,"column":null}}],"line":18},"4":{"loc":{"start":{"line":20,"column":2},"end":{"line":20,"column":null}},"type":"default-arg","locations":[{"start":{"line":20,"column":14},"end":{"line":20,"column":null}}],"line":20},"5":{"loc":{"start":{"line":41,"column":80},"end":{"line":41,"column":105}},"type":"cond-expr","locations":[{"start":{"line":41,"column":92},"end":{"line":41,"column":103}},{"start":{"line":41,"column":103},"end":{"line":41,"column":105}}],"line":41},"6":{"loc":{"start":{"line":42,"column":16},"end":{"line":42,"column":null}},"type":"binary-expr","locations":[{"start":{"line":42,"column":16},"end":{"line":42,"column":28}},{"start":{"line":42,"column":28},"end":{"line":42,"column":null}}],"line":42},"7":{"loc":{"start":{"line":45,"column":7},"end":{"line":54,"column":null}},"type":"cond-expr","locations":[{"start":{"line":46,"column":8},"end":{"line":52,"column":null}},{"start":{"line":54,"column":8},"end":{"line":54,"column":null}}],"line":45}},"s":{"0":9,"1":9,"2":9,"3":9},"f":{"0":9},"b":{"0":[9],"1":[9],"2":[9],"3":[9],"4":[9],"5":[1,8],"6":[9,8],"7":[1,8]},"meta":{"lastBranch":8,"lastFunction":1,"lastStatement":4,"seen":{"f:14:24:14:31":0,"b:15:12:15:Infinity":0,"b:16:9:16:Infinity":1,"b:17:14:17:Infinity":2,"b:18:12:18:Infinity":3,"b:20:14:20:Infinity":4,"s:24:21:24:Infinity":0,"s:26:55:31:Infinity":1,"s:33:49:37:Infinity":2,"s:39:2:56:Infinity":3,"b:41:92:41:103:41:103:41:105":5,"b:42:16:42:28:42:28:42:Infinity":6,"b:46:8:52:Infinity:54:8:54:Infinity":7}}}
,"/root/.openclaw/workspace/skillshub/frontend/src/components/Input.tsx": {"path":"/root/.openclaw/workspace/skillshub/frontend/src/components/Input.tsx","statementMap":{"0":{"start":{"line":17,"column":18},"end":{"line":17,"column":null}},"1":{"start":{"line":19,"column":2},"end":{"line":45,"column":null}}},"fnMap":{"0":{"name":"Input","decl":{"start":{"line":9,"column":24},"end":{"line":9,"column":30}},"loc":{"start":{"line":16,"column":15},"end":{"line":47,"column":null}},"line":16}},"branchMap":{"0":{"loc":{"start":{"line":12,"column":2},"end":{"line":12,"column":null}},"type":"default-arg","locations":[{"start":{"line":12,"column":14},"end":{"line":12,"column":null}}],"line":12},"1":{"loc":{"start":{"line":13,"column":2},"end":{"line":13,"column":null}},"type":"default-arg","locations":[{"start":{"line":13,"column":14},"end":{"line":13,"column":null}}],"line":13},"2":{"loc":{"start":{"line":17,"column":18},"end":{"line":17,"column":null}},"type":"binary-expr","locations":[{"start":{"line":17,"column":18},"end":{"line":17,"column":24}},{"start":{"line":17,"column":24},"end":{"line":17,"column":null}}],"line":17},"3":{"loc":{"start":{"line":20,"column":20},"end":{"line":20,"column":null}},"type":"cond-expr","locations":[{"start":{"line":20,"column":32},"end":{"line":20,"column":43}},{"start":{"line":20,"column":43},"end":{"line":20,"column":null}}],"line":20},"4":{"loc":{"start":{"line":21,"column":7},"end":{"line":27,"column":null}},"type":"binary-expr","locations":[{"start":{"line":21,"column":7},"end":{"line":21,"column":null}},{"start":{"line":22,"column":8},"end":{"line":27,"column":null}}],"line":21},"5":{"loc":{"start":{"line":34,"column":12},"end":{"line":34,"column":81}},"type":"cond-expr","locations":[{"start":{"line":34,"column":20},"end":{"line":34,"column":79}},{"start":{"line":34,"column":79},"end":{"line":34,"column":81}}],"line":34},"6":{"loc":{"start":{"line":35,"column":12},"end":{"line":35,"column":37}},"type":"cond-expr","locations":[{"start":{"line":35,"column":24},"end":{"line":35,"column":35}},{"start":{"line":35,"column":35},"end":{"line":35,"column":37}}],"line":35},"7":{"loc":{"start":{"line":40,"column":7},"end":{"line":43,"column":null}},"type":"binary-expr","locations":[{"start":{"line":40,"column":7},"end":{"line":40,"column":null}},{"start":{"line":41,"column":8},"end":{"line":43,"column":null}}],"line":40}},"s":{"0":9,"1":9},"f":{"0":9},"b":{"0":[9],"1":[9],"2":[9,9],"3":[1,8],"4":[9,3],"5":[1,8],"6":[1,8],"7":[9,1]},"meta":{"lastBranch":8,"lastFunction":1,"lastStatement":2,"seen":{"f:9:24:9:30":0,"b:12:14:12:Infinity":0,"b:13:14:13:Infinity":1,"s:17:18:17:Infinity":0,"b:17:18:17:24:17:24:17:Infinity":2,"s:19:2:45:Infinity":1,"b:20:32:20:43:20:43:20:Infinity":3,"b:21:7:21:Infinity:22:8:27:Infinity":4,"b:34:20:34:79:34:79:34:81":5,"b:35:24:35:35:35:35:35:37":6,"b:40:7:40:Infinity:41:8:43:Infinity":7}}}
,"/root/.openclaw/workspace/skillshub/frontend/src/components/ProtectedRoute.tsx": {"path":"/root/.openclaw/workspace/skillshub/frontend/src/components/ProtectedRoute.tsx","statementMap":{"0":{"start":{"line":8,"column":54},"end":{"line":16,"column":null}},"1":{"start":{"line":9,"column":16},"end":{"line":9,"column":null}},"2":{"start":{"line":11,"column":2},"end":{"line":13,"column":null}},"3":{"start":{"line":12,"column":4},"end":{"line":12,"column":null}},"4":{"start":{"line":15,"column":2},"end":{"line":15,"column":null}}},"fnMap":{"0":{"name":"(anonymous_0)","decl":{"start":{"line":8,"column":54},"end":{"line":8,"column":55}},"loc":{"start":{"line":8,"column":72},"end":{"line":16,"column":null}},"line":8}},"branchMap":{"0":{"loc":{"start":{"line":11,"column":2},"end":{"line":13,"column":null}},"type":"if","locations":[{"start":{"line":11,"column":2},"end":{"line":13,"column":null}},{"start":{},"end":{}}],"line":11}},"s":{"0":1,"1":4,"2":4,"3":2,"4":2},"f":{"0":4},"b":{"0":[2,2]},"meta":{"lastBranch":1,"lastFunction":1,"lastStatement":5,"seen":{"s:8:54:16:Infinity":0,"f:8:54:8:55":0,"s:9:16:9:Infinity":1,"b:11:2:13:Infinity:undefined:undefined:undefined:undefined":0,"s:11:2:13:Infinity":2,"s:12:4:12:Infinity":3,"s:15:2:15:Infinity":4}}}
}
